[   308.230] 
X.Org X Server 1.20.8
X Protocol Version 11, Revision 0
[   308.230] Build Operating System: Linux 4.15.0-115-generic x86_64 Ubuntu
[   308.231] Current Operating System: Linux uminbspwm 5.4.0-52-generic #57-Ubuntu SMP Thu Oct 15 10:57:00 UTC 2020 x86_64
[   308.231] Kernel command line: BOOT_IMAGE=/boot/vmlinuz-5.4.0-52-generic root=UUID=f9e5ee57-17b5-487f-b973-408397f6e68e ro
[   308.231] Build Date: 04 September 2020  01:34:27PM
[   308.231] xorg-server 2:1.20.8-2ubuntu2.4 (For technical support please see http://www.ubuntu.com/support) 
[   308.231] Current version of pixman: 0.38.4
[   308.235] 	Before reporting problems, check http://wiki.x.org
	to make sure that you have the latest version.
[   308.235] Markers: (--) probed, (**) from config file, (==) default setting,
	(++) from command line, (!!) notice, (II) informational,
	(WW) warning, (EE) error, (NI) not implemented, (??) unknown.
[   308.245] (==) Log file: "/home/rgregor/.local/share/xorg/Xorg.0.log", Time: Tue Nov 10 19:30:28 2020
[   308.299] (==) Using system config directory "/usr/share/X11/xorg.conf.d"
[   308.334] (==) No Layout section.  Using the first Screen section.
[   308.334] (==) No screen section available. Using defaults.
[   308.334] (**) |-->Screen "Default Screen Section" (0)
[   308.334] (**) |   |-->Monitor "<default monitor>"
[   308.337] (==) No monitor specified for screen "Default Screen Section".
	Using a default monitor configuration.
[   308.337] (==) Automatically adding devices
[   308.337] (==) Automatically enabling devices
[   308.337] (==) Automatically adding GPU devices
[   308.337] (==) Automatically binding GPU devices
[   308.337] (==) Max clients allowed: 256, resource mask: 0x1fffff
[   308.379] (WW) The directory "/usr/share/fonts/X11/cyrillic" does not exist.
[   308.379] 	Entry deleted from font path.
[   308.380] (WW) The directory "/usr/share/fonts/X11/100dpi/" does not exist.
[   308.380] 	Entry deleted from font path.
[   308.380] (WW) The directory "/usr/share/fonts/X11/75dpi/" does not exist.
[   308.380] 	Entry deleted from font path.
[   308.380] (WW) The directory "/usr/share/fonts/X11/Type1" does not exist.
[   308.380] 	Entry deleted from font path.
[   308.380] (WW) The directory "/usr/share/fonts/X11/100dpi" does not exist.
[   308.380] 	Entry deleted from font path.
[   308.380] (WW) The directory "/usr/share/fonts/X11/75dpi" does not exist.
[   308.380] 	Entry deleted from font path.
[   308.380] (==) FontPath set to:
	/usr/share/fonts/X11/misc,
	built-ins
[   308.380] (==) ModulePath set to "/usr/lib/xorg/modules"
[   308.380] (II) The server relies on udev to provide the list of input devices.
	If no devices become available, reconfigure udev or disable AutoAddDevices.
[   308.380] (II) Loader magic: 0x55b67a1f0020
[   308.380] (II) Module ABI versions:
[   308.380] 	X.Org ANSI C Emulation: 0.4
[   308.380] 	X.Org Video Driver: 24.1
[   308.380] 	X.Org XInput driver : 24.1
[   308.380] 	X.Org Server Extension : 10.0
[   308.382] (++) using VT number 1

[   308.390] (II) systemd-logind: took control of session /org/freedesktop/login1/session/_31
[   308.394] (II) xfree86: Adding drm device (/dev/dri/card0)
[   308.395] (II) systemd-logind: got fd for /dev/dri/card0 226:0 fd 11 paused 0
[   308.399] (--) PCI:*(0@0:2:0) 15ad:0405:15ad:0405 rev 0, Mem @ 0xe0000000/16777216, 0xe1400000/2097152, I/O @ 0x0000c170/16, BIOS @ 0x????????/131072
[   308.400] (II) LoadModule: "glx"
[   308.402] (II) Loading /usr/lib/xorg/modules/extensions/libglx.so
[   308.503] (II) Module glx: vendor="X.Org Foundation"
[   308.503] 	compiled for 1.20.8, module version = 1.0.0
[   308.504] 	ABI class: X.Org Server Extension, version 10.0
[   308.504] (==) Matched vmware as autoconfigured driver 0
[   308.504] (==) Matched modesetting as autoconfigured driver 1
[   308.504] (==) Matched fbdev as autoconfigured driver 2
[   308.504] (==) Matched vesa as autoconfigured driver 3
[   308.504] (==) Assigned the driver to the xf86ConfigLayout
[   308.504] (II) LoadModule: "vmware"
[   308.504] (II) Loading /usr/lib/xorg/modules/drivers/vmware_drv.so
[   310.308] (II) Module vmware: vendor="X.Org Foundation"
[   310.308] 	compiled for 1.20.8, module version = 13.3.0
[   310.308] 	Module class: X.Org Video Driver
[   310.308] 	ABI class: X.Org Video Driver, version 24.1
[   310.308] (II) LoadModule: "modesetting"
[   310.308] (II) Loading /usr/lib/xorg/modules/drivers/modesetting_drv.so
[   310.338] (II) Module modesetting: vendor="X.Org Foundation"
[   310.338] 	compiled for 1.20.8, module version = 1.20.8
[   310.338] 	Module class: X.Org Video Driver
[   310.338] 	ABI class: X.Org Video Driver, version 24.1
[   310.338] (II) LoadModule: "fbdev"
[   310.338] (II) Loading /usr/lib/xorg/modules/drivers/fbdev_drv.so
[   310.353] (II) Module fbdev: vendor="X.Org Foundation"
[   310.353] 	compiled for 1.20.1, module version = 0.5.0
[   310.353] 	Module class: X.Org Video Driver
[   310.353] 	ABI class: X.Org Video Driver, version 24.0
[   310.353] (II) LoadModule: "vesa"
[   310.353] (II) Loading /usr/lib/xorg/modules/drivers/vesa_drv.so
[   310.356] (II) Module vesa: vendor="X.Org Foundation"
[   310.356] 	compiled for 1.20.4, module version = 2.4.0
[   310.356] 	Module class: X.Org Video Driver
[   310.356] 	ABI class: X.Org Video Driver, version 24.0
[   310.356] (II) vmware: driver for VMware SVGA: vmware0405, vmware0710
[   310.356] (II) modesetting: Driver for Modesetting Kernel Drivers: kms
[   310.356] (II) FBDEV: driver for framebuffer: fbdev
[   310.356] (II) VESA: driver for VESA chipsets: vesa
[   310.357] xf86EnableIOPorts: failed to set IOPL for I/O (Operation not permitted)
[   310.357] (WW) Falling back to old probe method for modesetting
[   310.357] (WW) Falling back to old probe method for fbdev
[   310.357] (II) Loading sub module "fbdevhw"
[   310.357] (II) LoadModule: "fbdevhw"
[   310.357] (II) Loading /usr/lib/xorg/modules/libfbdevhw.so
[   310.371] (II) Module fbdevhw: vendor="X.Org Foundation"
[   310.371] 	compiled for 1.20.8, module version = 0.0.2
[   310.371] 	ABI class: X.Org Video Driver, version 24.1
[   310.371] (EE) open /dev/fb0: Permission denied
[   310.371] (WW) VGA arbiter: cannot open kernel arbiter, no multi-card support
[   310.371] (II) vmware(0): Creating default Display subsection in Screen section
	"Default Screen Section" for depth/fbbpp 24/32
[   310.371] (--) vmware(0): DRM driver version is 2.15.0
[   310.371] (==) vmware(0): Depth 24, (--) framebuffer bpp 32
[   310.371] (==) vmware(0): RGB weight 888
[   310.372] (==) vmware(0): Default visual is TrueColor
[   310.372] (--) vmware(0): Min width 1, Max Width 8192.
[   310.372] (--) vmware(0): Min height 1, Max Height 8192.
[   310.372] (II) vmware(0): Output Virtual1 has no monitor section
[   310.372] (II) vmware(0): Output Virtual2 has no monitor section
[   310.373] (II) vmware(0): Output Virtual3 has no monitor section
[   310.373] (II) vmware(0): Output Virtual4 has no monitor section
[   310.373] (II) vmware(0): Output Virtual5 has no monitor section
[   310.373] (II) vmware(0): Output Virtual6 has no monitor section
[   310.373] (II) vmware(0): Output Virtual7 has no monitor section
[   310.373] (II) vmware(0): Output Virtual8 has no monitor section
[   310.373] (II) vmware(0): Printing probed modes for output Virtual1
[   310.373] (II) vmware(0): Modeline "1024x768"x60.0   64.66  1024 1074 1124 1174  768 818 868 918 -hsync +vsync (55.1 kHz eP)
[   310.374] (II) vmware(0): Modeline "2560x1600"x60.0  348.50  2560 2752 3032 3504  1600 1603 1609 1658 -hsync +vsync (99.5 kHz e)
[   310.374] (II) vmware(0): Modeline "1920x1440"x60.0  234.00  1920 2048 2256 2600  1440 1441 1444 1500 -hsync +vsync (90.0 kHz e)
[   310.374] (II) vmware(0): Modeline "1856x1392"x60.0  218.25  1856 1952 2176 2528  1392 1393 1396 1439 -hsync +vsync (86.3 kHz e)
[   310.374] (II) vmware(0): Modeline "1792x1344"x60.0  204.75  1792 1920 2120 2448  1344 1345 1348 1394 -hsync +vsync (83.6 kHz e)
[   310.374] (II) vmware(0): Modeline "1920x1200"x59.9  193.25  1920 2056 2256 2592  1200 1203 1209 1245 -hsync +vsync (74.6 kHz e)
[   310.374] (II) vmware(0): Modeline "1600x1200"x60.0  162.00  1600 1664 1856 2160  1200 1201 1204 1250 +hsync +vsync (75.0 kHz e)
[   310.374] (II) vmware(0): Modeline "1680x1050"x60.0  146.25  1680 1784 1960 2240  1050 1053 1059 1089 -hsync +vsync (65.3 kHz e)
[   310.374] (II) vmware(0): Modeline "1400x1050"x60.0  121.75  1400 1488 1632 1864  1050 1053 1057 1089 -hsync +vsync (65.3 kHz e)
[   310.374] (II) vmware(0): Modeline "1280x1024"x60.0  108.00  1280 1328 1440 1688  1024 1025 1028 1066 +hsync +vsync (64.0 kHz e)
[   310.374] (II) vmware(0): Modeline "1440x900"x59.9  106.50  1440 1520 1672 1904  900 903 909 934 -hsync +vsync (55.9 kHz e)
[   310.374] (II) vmware(0): Modeline "1280x960"x60.0  108.00  1280 1376 1488 1800  960 961 964 1000 +hsync +vsync (60.0 kHz e)
[   310.374] (II) vmware(0): Modeline "1360x768"x60.0   85.50  1360 1424 1536 1792  768 771 777 795 +hsync +vsync (47.7 kHz e)
[   310.374] (II) vmware(0): Modeline "1280x800"x59.8   83.50  1280 1352 1480 1680  800 803 809 831 +hsync -vsync (49.7 kHz e)
[   310.374] (II) vmware(0): Modeline "1152x864"x75.0  108.00  1152 1216 1344 1600  864 865 868 900 +hsync +vsync (67.5 kHz e)
[   310.374] (II) vmware(0): Modeline "1280x768"x59.9   79.50  1280 1344 1472 1664  768 771 778 798 -hsync +vsync (47.8 kHz e)
[   310.374] (II) vmware(0): Modeline "1024x768"x60.0   65.00  1024 1048 1184 1344  768 771 777 806 -hsync -vsync (48.4 kHz e)
[   310.374] (II) vmware(0): Modeline "800x600"x60.3   40.00  800 840 968 1056  600 601 605 628 +hsync +vsync (37.9 kHz e)
[   310.374] (II) vmware(0): Modeline "640x480"x59.9   25.18  640 656 752 800  480 489 492 525 -hsync -vsync (31.5 kHz e)
[   310.374] (II) vmware(0): EDID for output Virtual2
[   310.375] (II) vmware(0): EDID for output Virtual3
[   310.375] (II) vmware(0): EDID for output Virtual4
[   310.375] (II) vmware(0): EDID for output Virtual5
[   310.375] (II) vmware(0): EDID for output Virtual6
[   310.375] (II) vmware(0): EDID for output Virtual7
[   310.375] (II) vmware(0): EDID for output Virtual8
[   310.375] (II) vmware(0): Output Virtual1 connected
[   310.375] (II) vmware(0): Output Virtual2 disconnected
[   310.375] (II) vmware(0): Output Virtual3 disconnected
[   310.375] (II) vmware(0): Output Virtual4 disconnected
[   310.375] (II) vmware(0): Output Virtual5 disconnected
[   310.375] (II) vmware(0): Output Virtual6 disconnected
[   310.375] (II) vmware(0): Output Virtual7 disconnected
[   310.375] (II) vmware(0): Output Virtual8 disconnected
[   310.375] (II) vmware(0): Using exact sizes for initial modes
[   310.375] (II) vmware(0): Output Virtual1 using initial mode 1024x768 +0+0
[   310.375] (==) vmware(0): DPI set to (96, 96)
[   310.375] (==) vmware(0): Using gamma correction (1.0, 1.0, 1.0)
[   310.375] (II) Loading sub module "fb"
[   310.375] (II) LoadModule: "fb"
[   310.375] (II) Loading /usr/lib/xorg/modules/libfb.so
[   310.403] (II) Module fb: vendor="X.Org Foundation"
[   310.403] 	compiled for 1.20.8, module version = 1.0.0
[   310.403] 	ABI class: X.Org ANSI C Emulation, version 0.4
[   310.403] (II) Loading sub module "dri2"
[   310.403] (II) LoadModule: "dri2"
[   310.403] (II) Module "dri2" already built-in
[   310.403] (II) Loading sub module "dri3"
[   310.403] (II) LoadModule: "dri3"
[   310.403] (II) Module "dri3" already built-in
[   310.403] (II) UnloadModule: "modesetting"
[   310.403] (II) Unloading modesetting
[   310.404] (II) UnloadModule: "fbdev"
[   310.404] (II) Unloading fbdev
[   310.404] (II) UnloadSubModule: "fbdevhw"
[   310.404] (II) Unloading fbdevhw
[   310.404] (II) UnloadModule: "vesa"
[   310.404] (II) Unloading vesa
[   310.420] (II) vmware(0): Initialized VMWARE_CTRL extension version 0.2
[   310.517] (WW) vmware(0): Failed to initialize Gallium3D Xa. No render acceleration available.
[   310.517] (WW) vmware(0): Skipped initialization of direct rendering due to lack of render acceleration.
[   310.518] (--) vmware(0): Render acceleration is disabled.
[   310.518] (==) vmware(0): Rendercheck mode is disabled.
[   310.518] (--) vmware(0): Direct rendering (DRI2 3D) is disabled.
[   310.518] (--) vmware(0): Direct rendering (DRI3 3D) is disabled.
[   310.518] (==) vmware(0): Backing store enabled
[   310.518] (==) vmware(0): Silken mouse enabled
[   310.523] (==) vmware(0): DPMS enabled
[   310.523] (II) vmware(0): No 3D acceleration. Not setting up textured video.
[   310.523] (WW) vmware(0): Disabling Xv because no adaptors could be initialized.
[   310.523] (II) Initializing extension Generic Event Extension
[   310.524] (II) Initializing extension SHAPE
[   310.524] (II) Initializing extension MIT-SHM
[   310.524] (II) Initializing extension XInputExtension
[   310.526] (II) Initializing extension XTEST
[   310.526] (II) Initializing extension BIG-REQUESTS
[   310.527] (II) Initializing extension SYNC
[   310.527] (II) Initializing extension XKEYBOARD
[   310.527] (II) Initializing extension XC-MISC
[   310.528] (II) Initializing extension SECURITY
[   310.528] (II) Initializing extension XFIXES
[   310.528] (II) Initializing extension RENDER
[   310.529] (II) Initializing extension RANDR
[   310.529] (II) Initializing extension COMPOSITE
[   310.529] (II) Initializing extension DAMAGE
[   310.530] (II) Initializing extension MIT-SCREEN-SAVER
[   310.530] (II) Initializing extension DOUBLE-BUFFER
[   310.530] (II) Initializing extension RECORD
[   310.531] (II) Initializing extension DPMS
[   310.531] (II) Initializing extension Present
[   310.531] (II) Initializing extension DRI3
[   310.531] (II) Initializing extension X-Resource
[   310.531] (II) Initializing extension XVideo
[   310.532] (II) Initializing extension XVideo-MotionCompensation
[   310.532] (II) Initializing extension SELinux
[   310.532] (II) SELinux: Disabled on system
[   310.532] (II) Initializing extension GLX
[   310.532] (II) AIGLX: Screen 0 is not DRI2 capable
[   311.161] (II) IGLX: Loaded and initialized swrast
[   311.161] (II) GLX: Initialized DRISWRAST GL provider for screen 0
[   311.161] (II) Initializing extension XFree86-VidModeExtension
[   311.161] (II) Initializing extension XFree86-DGA
[   311.162] (II) Initializing extension XFree86-DRI
[   311.173] (II) Initializing extension DRI2
[   311.181] (II) vmware(0): Setting screen physical size to 270 x 203
[   311.548] (II) config/udev: Adding input device Power Button (/dev/input/event0)
[   311.548] (**) Power Button: Applying InputClass "libinput keyboard catchall"
[   311.548] (II) LoadModule: "libinput"
[   311.549] (II) Loading /usr/lib/xorg/modules/input/libinput_drv.so
[   311.662] (II) Module libinput: vendor="X.Org Foundation"
[   311.663] 	compiled for 1.20.4, module version = 0.29.0
[   311.663] 	Module class: X.Org XInput Driver
[   311.663] 	ABI class: X.Org XInput driver, version 24.1
[   311.663] (II) Using input driver 'libinput' for 'Power Button'
[   311.667] (II) systemd-logind: got fd for /dev/input/event0 13:64 fd 19 paused 0
[   311.667] (**) Power Button: always reports core events
[   311.667] (**) Option "Device" "/dev/input/event0"
[   311.667] (**) Option "_source" "server/udev"
[   311.739] (II) event0  - Power Button: is tagged by udev as: Keyboard
[   311.739] (II) event0  - Power Button: device is a keyboard
[   311.740] (II) event0  - Power Button: device removed
[   311.740] (**) Option "config_info" "udev:/sys/devices/LNXSYSTM:00/LNXPWRBN:00/input/input0/event0"
[   311.740] (II) XINPUT: Adding extended input device "Power Button" (type: KEYBOARD, id 6)
[   311.740] (**) Option "xkb_model" "pc105"
[   311.740] (**) Option "xkb_layout" "si"
[   311.804] (II) event0  - Power Button: is tagged by udev as: Keyboard
[   311.804] (II) event0  - Power Button: device is a keyboard
[   311.806] (II) config/udev: Adding input device Sleep Button (/dev/input/event1)
[   311.806] (**) Sleep Button: Applying InputClass "libinput keyboard catchall"
[   311.806] (II) Using input driver 'libinput' for 'Sleep Button'
[   311.808] (II) systemd-logind: got fd for /dev/input/event1 13:65 fd 22 paused 0
[   311.809] (**) Sleep Button: always reports core events
[   311.809] (**) Option "Device" "/dev/input/event1"
[   311.809] (**) Option "_source" "server/udev"
[   311.810] (II) event1  - Sleep Button: is tagged by udev as: Keyboard
[   311.810] (II) event1  - Sleep Button: device is a keyboard
[   311.810] (II) event1  - Sleep Button: device removed
[   311.810] (**) Option "config_info" "udev:/sys/devices/LNXSYSTM:00/LNXSLPBN:00/input/input1/event1"
[   311.810] (II) XINPUT: Adding extended input device "Sleep Button" (type: KEYBOARD, id 7)
[   311.810] (**) Option "xkb_model" "pc105"
[   311.810] (**) Option "xkb_layout" "si"
[   311.811] (II) event1  - Sleep Button: is tagged by udev as: Keyboard
[   311.811] (II) event1  - Sleep Button: device is a keyboard
[   311.812] (II) config/udev: Adding input device Video Bus (/dev/input/event3)
[   311.812] (**) Video Bus: Applying InputClass "libinput keyboard catchall"
[   311.812] (II) Using input driver 'libinput' for 'Video Bus'
[   311.814] (II) systemd-logind: got fd for /dev/input/event3 13:67 fd 23 paused 0
[   311.814] (**) Video Bus: always reports core events
[   311.814] (**) Option "Device" "/dev/input/event3"
[   311.815] (**) Option "_source" "server/udev"
[   311.816] (II) event3  - Video Bus: is tagged by udev as: Keyboard
[   311.816] (II) event3  - Video Bus: device is a keyboard
[   311.816] (II) event3  - Video Bus: device removed
[   311.816] (**) Option "config_info" "udev:/sys/devices/LNXSYSTM:00/LNXSYBUS:00/PNP0A03:00/LNXVIDEO:00/input/input4/event3"
[   311.816] (II) XINPUT: Adding extended input device "Video Bus" (type: KEYBOARD, id 8)
[   311.816] (**) Option "xkb_model" "pc105"
[   311.816] (**) Option "xkb_layout" "si"
[   311.817] (II) event3  - Video Bus: is tagged by udev as: Keyboard
[   311.817] (II) event3  - Video Bus: device is a keyboard
[   311.819] (II) config/udev: Adding input device VirtualBox mouse integration (/dev/input/event6)
[   311.819] (**) VirtualBox mouse integration: Applying InputClass "libinput pointer catchall"
[   311.819] (II) Using input driver 'libinput' for 'VirtualBox mouse integration'
[   311.821] (II) systemd-logind: got fd for /dev/input/event6 13:70 fd 24 paused 0
[   311.821] (**) VirtualBox mouse integration: always reports core events
[   311.821] (**) Option "Device" "/dev/input/event6"
[   311.821] (**) Option "_source" "server/udev"
[   311.823] (II) event6  - VirtualBox mouse integration: is tagged by udev as: Mouse
[   311.823] (II) event6  - VirtualBox mouse integration: device is a pointer
[   311.823] (II) event6  - VirtualBox mouse integration: device removed
[   311.823] (**) Option "config_info" "udev:/sys/devices/pci0000:00/0000:00:04.0/input/input7/event6"
[   311.823] (II) XINPUT: Adding extended input device "VirtualBox mouse integration" (type: MOUSE, id 9)
[   311.823] (**) Option "AccelerationScheme" "none"
[   311.823] (**) VirtualBox mouse integration: (accel) selected scheme none/0
[   311.823] (**) VirtualBox mouse integration: (accel) acceleration factor: 2.000
[   311.823] (**) VirtualBox mouse integration: (accel) acceleration threshold: 4
[   311.824] (II) event6  - VirtualBox mouse integration: is tagged by udev as: Mouse
[   311.824] (II) event6  - VirtualBox mouse integration: device is a pointer
[   311.825] (II) config/udev: Adding input device VirtualBox mouse integration (/dev/input/js1)
[   311.825] (II) No input driver specified, ignoring this device.
[   311.825] (II) This device may have been added with another device file.
[   311.826] (II) config/udev: Adding input device VirtualBox USB Tablet (/dev/input/event4)
[   311.826] (**) VirtualBox USB Tablet: Applying InputClass "libinput pointer catchall"
[   311.826] (II) Using input driver 'libinput' for 'VirtualBox USB Tablet'
[   311.888] (II) systemd-logind: got fd for /dev/input/event4 13:68 fd 25 paused 0
[   311.888] (**) VirtualBox USB Tablet: always reports core events
[   311.888] (**) Option "Device" "/dev/input/event4"
[   311.888] (**) Option "_source" "server/udev"
[   311.893] (II) event4  - VirtualBox USB Tablet: is tagged by udev as: Mouse
[   311.894] (II) event4  - VirtualBox USB Tablet: device is a pointer
[   311.894] (II) event4  - VirtualBox USB Tablet: device removed
[   311.894] (**) Option "config_info" "udev:/sys/devices/pci0000:00/0000:00:0c.0/usb1/1-1/1-1:1.0/0003:80EE:0021.0001/input/input6/event4"
[   311.894] (II) XINPUT: Adding extended input device "VirtualBox USB Tablet" (type: MOUSE, id 10)
[   311.895] (**) Option "AccelerationScheme" "none"
[   311.895] (**) VirtualBox USB Tablet: (accel) selected scheme none/0
[   311.895] (**) VirtualBox USB Tablet: (accel) acceleration factor: 2.000
[   311.895] (**) VirtualBox USB Tablet: (accel) acceleration threshold: 4
[   311.899] (II) event4  - VirtualBox USB Tablet: is tagged by udev as: Mouse
[   311.899] (II) event4  - VirtualBox USB Tablet: device is a pointer
[   311.900] (II) config/udev: Adding input device VirtualBox USB Tablet (/dev/input/js0)
[   311.900] (II) No input driver specified, ignoring this device.
[   311.900] (II) This device may have been added with another device file.
[   311.901] (II) config/udev: Adding input device VirtualBox USB Tablet (/dev/input/mouse0)
[   311.901] (II) No input driver specified, ignoring this device.
[   311.901] (II) This device may have been added with another device file.
[   311.902] (II) config/udev: Adding input device AT Translated Set 2 keyboard (/dev/input/event2)
[   311.902] (**) AT Translated Set 2 keyboard: Applying InputClass "libinput keyboard catchall"
[   311.902] (II) Using input driver 'libinput' for 'AT Translated Set 2 keyboard'
[   311.904] (II) systemd-logind: got fd for /dev/input/event2 13:66 fd 26 paused 0
[   311.904] (**) AT Translated Set 2 keyboard: always reports core events
[   311.904] (**) Option "Device" "/dev/input/event2"
[   311.904] (**) Option "_source" "server/udev"
[   311.906] (II) event2  - AT Translated Set 2 keyboard: is tagged by udev as: Keyboard
[   311.906] (II) event2  - AT Translated Set 2 keyboard: device is a keyboard
[   311.907] (II) event2  - AT Translated Set 2 keyboard: device removed
[   311.907] (**) Option "config_info" "udev:/sys/devices/platform/i8042/serio0/input/input2/event2"
[   311.907] (II) XINPUT: Adding extended input device "AT Translated Set 2 keyboard" (type: KEYBOARD, id 11)
[   311.907] (**) Option "xkb_model" "pc105"
[   311.907] (**) Option "xkb_layout" "si"
[   311.908] (II) event2  - AT Translated Set 2 keyboard: is tagged by udev as: Keyboard
[   311.908] (II) event2  - AT Translated Set 2 keyboard: device is a keyboard
[   311.910] (II) config/udev: Adding input device ImExPS/2 Generic Explorer Mouse (/dev/input/event5)
[   311.910] (**) ImExPS/2 Generic Explorer Mouse: Applying InputClass "libinput pointer catchall"
[   311.910] (II) Using input driver 'libinput' for 'ImExPS/2 Generic Explorer Mouse'
[   311.911] (II) systemd-logind: got fd for /dev/input/event5 13:69 fd 27 paused 0
[   311.911] (**) ImExPS/2 Generic Explorer Mouse: always reports core events
[   311.911] (**) Option "Device" "/dev/input/event5"
[   311.911] (**) Option "_source" "server/udev"
[   311.913] (II) event5  - ImExPS/2 Generic Explorer Mouse: is tagged by udev as: Mouse
[   311.913] (II) event5  - ImExPS/2 Generic Explorer Mouse: device is a pointer
[   311.914] (II) event5  - ImExPS/2 Generic Explorer Mouse: device removed
[   311.914] (**) Option "config_info" "udev:/sys/devices/platform/i8042/serio1/input/input5/event5"
[   311.914] (II) XINPUT: Adding extended input device "ImExPS/2 Generic Explorer Mouse" (type: MOUSE, id 12)
[   311.914] (**) Option "AccelerationScheme" "none"
[   311.914] (**) ImExPS/2 Generic Explorer Mouse: (accel) selected scheme none/0
[   311.914] (**) ImExPS/2 Generic Explorer Mouse: (accel) acceleration factor: 2.000
[   311.914] (**) ImExPS/2 Generic Explorer Mouse: (accel) acceleration threshold: 4
[   311.915] (II) event5  - ImExPS/2 Generic Explorer Mouse: is tagged by udev as: Mouse
[   311.915] (II) event5  - ImExPS/2 Generic Explorer Mouse: device is a pointer
[   311.916] (II) config/udev: Adding input device ImExPS/2 Generic Explorer Mouse (/dev/input/mouse1)
[   311.916] (II) No input driver specified, ignoring this device.
[   311.916] (II) This device may have been added with another device file.
