[   116.231] _XSERVTransSocketUNIXCreateListener: ...SocketCreateListener() failed
[   116.231] _XSERVTransMakeAllCOTSServerListeners: server already running
[   116.231] (--) Log file renamed from "/home/rgregor/.local/share/xorg/Xorg.pid-1410.log" to "/home/rgregor/.local/share/xorg/Xorg.1.log"
[   116.232] 
X.Org X Server 1.20.8
X Protocol Version 11, Revision 0
[   116.232] Build Operating System: Linux 4.15.0-115-generic x86_64 Ubuntu
[   116.232] Current Operating System: Linux uminbspwm 5.4.0-52-generic #57-Ubuntu SMP Thu Oct 15 10:57:00 UTC 2020 x86_64
[   116.232] Kernel command line: BOOT_IMAGE=/boot/vmlinuz-5.4.0-52-generic root=UUID=f9e5ee57-17b5-487f-b973-408397f6e68e ro
[   116.232] Build Date: 04 September 2020  01:34:27PM
[   116.232] xorg-server 2:1.20.8-2ubuntu2.4 (For technical support please see http://www.ubuntu.com/support) 
[   116.232] Current version of pixman: 0.38.4
[   116.232] 	Before reporting problems, check http://wiki.x.org
	to make sure that you have the latest version.
[   116.232] Markers: (--) probed, (**) from config file, (==) default setting,
	(++) from command line, (!!) notice, (II) informational,
	(WW) warning, (EE) error, (NI) not implemented, (??) unknown.
[   116.232] (==) Log file: "/home/rgregor/.local/share/xorg/Xorg.1.log", Time: Fri Nov  6 19:23:39 2020
[   116.232] (==) Using system config directory "/usr/share/X11/xorg.conf.d"
[   116.232] (==) No Layout section.  Using the first Screen section.
[   116.233] (==) No screen section available. Using defaults.
[   116.233] (**) |-->Screen "Default Screen Section" (0)
[   116.233] (**) |   |-->Monitor "<default monitor>"
[   116.233] (==) No monitor specified for screen "Default Screen Section".
	Using a default monitor configuration.
[   116.233] (==) Automatically adding devices
[   116.233] (==) Automatically enabling devices
[   116.233] (==) Automatically adding GPU devices
[   116.233] (==) Automatically binding GPU devices
[   116.233] (==) Max clients allowed: 256, resource mask: 0x1fffff
[   116.233] (WW) The directory "/usr/share/fonts/X11/cyrillic" does not exist.
[   116.233] 	Entry deleted from font path.
[   116.233] (WW) The directory "/usr/share/fonts/X11/100dpi/" does not exist.
[   116.233] 	Entry deleted from font path.
[   116.233] (WW) The directory "/usr/share/fonts/X11/75dpi/" does not exist.
[   116.233] 	Entry deleted from font path.
[   116.233] (WW) The directory "/usr/share/fonts/X11/Type1" does not exist.
[   116.233] 	Entry deleted from font path.
[   116.233] (WW) The directory "/usr/share/fonts/X11/100dpi" does not exist.
[   116.233] 	Entry deleted from font path.
[   116.233] (WW) The directory "/usr/share/fonts/X11/75dpi" does not exist.
[   116.233] 	Entry deleted from font path.
[   116.233] (==) FontPath set to:
	/usr/share/fonts/X11/misc,
	built-ins
[   116.233] (==) ModulePath set to "/usr/lib/xorg/modules"
[   116.233] (II) The server relies on udev to provide the list of input devices.
	If no devices become available, reconfigure udev or disable AutoAddDevices.
[   116.233] (II) Loader magic: 0x564c7123c020
[   116.233] (II) Module ABI versions:
[   116.233] 	X.Org ANSI C Emulation: 0.4
[   116.233] 	X.Org Video Driver: 24.1
[   116.233] 	X.Org XInput driver : 24.1
[   116.233] 	X.Org Server Extension : 10.0
[   116.235] (++) using VT number 2

[   116.238] (II) systemd-logind: took control of session /org/freedesktop/login1/session/_32
[   116.240] (II) xfree86: Adding drm device (/dev/dri/card0)
[   116.242] (II) systemd-logind: got fd for /dev/dri/card0 226:0 fd 13 paused 0
[   116.249] (--) PCI:*(0@0:2:0) 15ad:0405:15ad:0405 rev 0, Mem @ 0xe0000000/16777216, 0xe1400000/2097152, I/O @ 0x0000c170/16, BIOS @ 0x????????/131072
[   116.249] (II) LoadModule: "glx"
[   116.249] (II) Loading /usr/lib/xorg/modules/extensions/libglx.so
[   116.250] (II) Module glx: vendor="X.Org Foundation"
[   116.250] 	compiled for 1.20.8, module version = 1.0.0
[   116.250] 	ABI class: X.Org Server Extension, version 10.0
[   116.251] (==) Matched vmware as autoconfigured driver 0
[   116.251] (==) Matched modesetting as autoconfigured driver 1
[   116.251] (==) Matched fbdev as autoconfigured driver 2
[   116.251] (==) Matched vesa as autoconfigured driver 3
[   116.251] (==) Assigned the driver to the xf86ConfigLayout
[   116.251] (II) LoadModule: "vmware"
[   116.251] (II) Loading /usr/lib/xorg/modules/drivers/vmware_drv.so
[   116.274] (II) Module vmware: vendor="X.Org Foundation"
[   116.274] 	compiled for 1.20.8, module version = 13.3.0
[   116.274] 	Module class: X.Org Video Driver
[   116.274] 	ABI class: X.Org Video Driver, version 24.1
[   116.274] (II) LoadModule: "modesetting"
[   116.274] (II) Loading /usr/lib/xorg/modules/drivers/modesetting_drv.so
[   116.274] (II) Module modesetting: vendor="X.Org Foundation"
[   116.274] 	compiled for 1.20.8, module version = 1.20.8
[   116.274] 	Module class: X.Org Video Driver
[   116.274] 	ABI class: X.Org Video Driver, version 24.1
[   116.274] (II) LoadModule: "fbdev"
[   116.275] (II) Loading /usr/lib/xorg/modules/drivers/fbdev_drv.so
[   116.275] (II) Module fbdev: vendor="X.Org Foundation"
[   116.275] 	compiled for 1.20.1, module version = 0.5.0
[   116.275] 	Module class: X.Org Video Driver
[   116.275] 	ABI class: X.Org Video Driver, version 24.0
[   116.275] (II) LoadModule: "vesa"
[   116.275] (II) Loading /usr/lib/xorg/modules/drivers/vesa_drv.so
[   116.275] (II) Module vesa: vendor="X.Org Foundation"
[   116.275] 	compiled for 1.20.4, module version = 2.4.0
[   116.275] 	Module class: X.Org Video Driver
[   116.275] 	ABI class: X.Org Video Driver, version 24.0
[   116.275] (II) vmware: driver for VMware SVGA: vmware0405, vmware0710
[   116.275] (II) modesetting: Driver for Modesetting Kernel Drivers: kms
[   116.275] (II) FBDEV: driver for framebuffer: fbdev
[   116.275] (II) VESA: driver for VESA chipsets: vesa
[   116.275] xf86EnableIOPorts: failed to set IOPL for I/O (Operation not permitted)
[   116.276] (WW) Falling back to old probe method for modesetting
[   116.276] (WW) Falling back to old probe method for fbdev
[   116.276] (II) Loading sub module "fbdevhw"
[   116.276] (II) LoadModule: "fbdevhw"
[   116.276] (II) Loading /usr/lib/xorg/modules/libfbdevhw.so
[   116.276] (II) Module fbdevhw: vendor="X.Org Foundation"
[   116.276] 	compiled for 1.20.8, module version = 0.0.2
[   116.276] 	ABI class: X.Org Video Driver, version 24.1
[   116.276] (EE) open /dev/fb0: Permission denied
[   116.276] (WW) VGA arbiter: cannot open kernel arbiter, no multi-card support
[   116.276] (II) vmware(0): Creating default Display subsection in Screen section
	"Default Screen Section" for depth/fbbpp 24/32
[   116.276] (--) vmware(0): DRM driver version is 2.15.0
[   116.276] (==) vmware(0): Depth 24, (--) framebuffer bpp 32
[   116.276] (==) vmware(0): RGB weight 888
[   116.276] (==) vmware(0): Default visual is TrueColor
[   116.276] (--) vmware(0): Min width 1, Max Width 8192.
[   116.276] (--) vmware(0): Min height 1, Max Height 8192.
[   116.276] (II) vmware(0): Output Virtual1 has no monitor section
[   116.277] (II) vmware(0): Output Virtual2 has no monitor section
[   116.277] (II) vmware(0): Output Virtual3 has no monitor section
[   116.277] (II) vmware(0): Output Virtual4 has no monitor section
[   116.277] (II) vmware(0): Output Virtual5 has no monitor section
[   116.277] (II) vmware(0): Output Virtual6 has no monitor section
[   116.277] (II) vmware(0): Output Virtual7 has no monitor section
[   116.277] (II) vmware(0): Output Virtual8 has no monitor section
[   116.277] (II) vmware(0): Printing probed modes for output Virtual1
[   116.277] (II) vmware(0): Modeline "1024x768"x60.0   64.66  1024 1074 1124 1174  768 818 868 918 -hsync +vsync (55.1 kHz eP)
[   116.277] (II) vmware(0): Modeline "2560x1600"x60.0  348.50  2560 2752 3032 3504  1600 1603 1609 1658 -hsync +vsync (99.5 kHz e)
[   116.277] (II) vmware(0): Modeline "1920x1440"x60.0  234.00  1920 2048 2256 2600  1440 1441 1444 1500 -hsync +vsync (90.0 kHz e)
[   116.277] (II) vmware(0): Modeline "1856x1392"x60.0  218.25  1856 1952 2176 2528  1392 1393 1396 1439 -hsync +vsync (86.3 kHz e)
[   116.277] (II) vmware(0): Modeline "1792x1344"x60.0  204.75  1792 1920 2120 2448  1344 1345 1348 1394 -hsync +vsync (83.6 kHz e)
[   116.277] (II) vmware(0): Modeline "1920x1200"x59.9  193.25  1920 2056 2256 2592  1200 1203 1209 1245 -hsync +vsync (74.6 kHz e)
[   116.277] (II) vmware(0): Modeline "1600x1200"x60.0  162.00  1600 1664 1856 2160  1200 1201 1204 1250 +hsync +vsync (75.0 kHz e)
[   116.277] (II) vmware(0): Modeline "1680x1050"x60.0  146.25  1680 1784 1960 2240  1050 1053 1059 1089 -hsync +vsync (65.3 kHz e)
[   116.277] (II) vmware(0): Modeline "1400x1050"x60.0  121.75  1400 1488 1632 1864  1050 1053 1057 1089 -hsync +vsync (65.3 kHz e)
[   116.277] (II) vmware(0): Modeline "1280x1024"x60.0  108.00  1280 1328 1440 1688  1024 1025 1028 1066 +hsync +vsync (64.0 kHz e)
[   116.277] (II) vmware(0): Modeline "1440x900"x59.9  106.50  1440 1520 1672 1904  900 903 909 934 -hsync +vsync (55.9 kHz e)
[   116.277] (II) vmware(0): Modeline "1280x960"x60.0  108.00  1280 1376 1488 1800  960 961 964 1000 +hsync +vsync (60.0 kHz e)
[   116.277] (II) vmware(0): Modeline "1360x768"x60.0   85.50  1360 1424 1536 1792  768 771 777 795 +hsync +vsync (47.7 kHz e)
[   116.277] (II) vmware(0): Modeline "1280x800"x59.8   83.50  1280 1352 1480 1680  800 803 809 831 +hsync -vsync (49.7 kHz e)
[   116.277] (II) vmware(0): Modeline "1152x864"x75.0  108.00  1152 1216 1344 1600  864 865 868 900 +hsync +vsync (67.5 kHz e)
[   116.277] (II) vmware(0): Modeline "1280x768"x59.9   79.50  1280 1344 1472 1664  768 771 778 798 -hsync +vsync (47.8 kHz e)
[   116.277] (II) vmware(0): Modeline "1024x768"x60.0   65.00  1024 1048 1184 1344  768 771 777 806 -hsync -vsync (48.4 kHz e)
[   116.277] (II) vmware(0): Modeline "800x600"x60.3   40.00  800 840 968 1056  600 601 605 628 +hsync +vsync (37.9 kHz e)
[   116.277] (II) vmware(0): Modeline "640x480"x59.9   25.18  640 656 752 800  480 489 492 525 -hsync -vsync (31.5 kHz e)
[   116.278] (II) vmware(0): EDID for output Virtual2
[   116.278] (II) vmware(0): EDID for output Virtual3
[   116.278] (II) vmware(0): EDID for output Virtual4
[   116.278] (II) vmware(0): EDID for output Virtual5
[   116.278] (II) vmware(0): EDID for output Virtual6
[   116.278] (II) vmware(0): EDID for output Virtual7
[   116.278] (II) vmware(0): EDID for output Virtual8
[   116.278] (II) vmware(0): Output Virtual1 connected
[   116.278] (II) vmware(0): Output Virtual2 disconnected
[   116.278] (II) vmware(0): Output Virtual3 disconnected
[   116.278] (II) vmware(0): Output Virtual4 disconnected
[   116.278] (II) vmware(0): Output Virtual5 disconnected
[   116.278] (II) vmware(0): Output Virtual6 disconnected
[   116.278] (II) vmware(0): Output Virtual7 disconnected
[   116.278] (II) vmware(0): Output Virtual8 disconnected
[   116.278] (II) vmware(0): Using exact sizes for initial modes
[   116.278] (II) vmware(0): Output Virtual1 using initial mode 1024x768 +0+0
[   116.278] (==) vmware(0): DPI set to (96, 96)
[   116.278] (==) vmware(0): Using gamma correction (1.0, 1.0, 1.0)
[   116.278] (II) Loading sub module "fb"
[   116.278] (II) LoadModule: "fb"
[   116.278] (II) Loading /usr/lib/xorg/modules/libfb.so
[   116.279] (II) Module fb: vendor="X.Org Foundation"
[   116.279] 	compiled for 1.20.8, module version = 1.0.0
[   116.279] 	ABI class: X.Org ANSI C Emulation, version 0.4
[   116.279] (II) Loading sub module "dri2"
[   116.279] (II) LoadModule: "dri2"
[   116.279] (II) Module "dri2" already built-in
[   116.279] (II) Loading sub module "dri3"
[   116.279] (II) LoadModule: "dri3"
[   116.279] (II) Module "dri3" already built-in
[   116.279] (II) UnloadModule: "modesetting"
[   116.279] (II) Unloading modesetting
[   116.279] (II) UnloadModule: "fbdev"
[   116.279] (II) Unloading fbdev
[   116.279] (II) UnloadSubModule: "fbdevhw"
[   116.279] (II) Unloading fbdevhw
[   116.279] (II) UnloadModule: "vesa"
[   116.279] (II) Unloading vesa
[   116.279] (II) vmware(0): Initialized VMWARE_CTRL extension version 0.2
[   116.286] (WW) vmware(0): Failed to initialize Gallium3D Xa. No render acceleration available.
[   116.286] (WW) vmware(0): Skipped initialization of direct rendering due to lack of render acceleration.
[   116.286] (--) vmware(0): Render acceleration is disabled.
[   116.286] (==) vmware(0): Rendercheck mode is disabled.
[   116.286] (--) vmware(0): Direct rendering (DRI2 3D) is disabled.
[   116.286] (--) vmware(0): Direct rendering (DRI3 3D) is disabled.
[   116.286] (==) vmware(0): Backing store enabled
[   116.286] (==) vmware(0): Silken mouse enabled
[   116.287] (==) vmware(0): DPMS enabled
[   116.287] (II) vmware(0): No 3D acceleration. Not setting up textured video.
[   116.287] (WW) vmware(0): Disabling Xv because no adaptors could be initialized.
[   116.287] (II) Initializing extension Generic Event Extension
[   116.287] (II) Initializing extension SHAPE
[   116.287] (II) Initializing extension MIT-SHM
[   116.287] (II) Initializing extension XInputExtension
[   116.287] (II) Initializing extension XTEST
[   116.289] (II) Initializing extension BIG-REQUESTS
[   116.290] (II) Initializing extension SYNC
[   116.290] (II) Initializing extension XKEYBOARD
[   116.290] (II) Initializing extension XC-MISC
[   116.290] (II) Initializing extension SECURITY
[   116.293] (II) Initializing extension XFIXES
[   116.294] (II) Initializing extension RENDER
[   116.294] (II) Initializing extension RANDR
[   116.294] (II) Initializing extension COMPOSITE
[   116.294] (II) Initializing extension DAMAGE
[   116.295] (II) Initializing extension MIT-SCREEN-SAVER
[   116.295] (II) Initializing extension DOUBLE-BUFFER
[   116.295] (II) Initializing extension RECORD
[   116.295] (II) Initializing extension DPMS
[   116.295] (II) Initializing extension Present
[   116.296] (II) Initializing extension DRI3
[   116.296] (II) Initializing extension X-Resource
[   116.296] (II) Initializing extension XVideo
[   116.296] (II) Initializing extension XVideo-MotionCompensation
[   116.296] (II) Initializing extension SELinux
[   116.296] (II) SELinux: Disabled on system
[   116.296] (II) Initializing extension GLX
[   116.296] (II) AIGLX: Screen 0 is not DRI2 capable
[   116.306] (II) IGLX: Loaded and initialized swrast
[   116.306] (II) GLX: Initialized DRISWRAST GL provider for screen 0
[   116.306] (II) Initializing extension XFree86-VidModeExtension
[   116.306] (II) Initializing extension XFree86-DGA
[   116.306] (II) Initializing extension XFree86-DRI
[   116.306] (II) Initializing extension DRI2
[   116.313] (II) vmware(0): Setting screen physical size to 270 x 203
[   116.401] (II) config/udev: Adding input device Power Button (/dev/input/event0)
[   116.401] (**) Power Button: Applying InputClass "libinput keyboard catchall"
[   116.401] (II) LoadModule: "libinput"
[   116.401] (II) Loading /usr/lib/xorg/modules/input/libinput_drv.so
[   116.403] (II) Module libinput: vendor="X.Org Foundation"
[   116.403] 	compiled for 1.20.4, module version = 0.29.0
[   116.403] 	Module class: X.Org XInput Driver
[   116.403] 	ABI class: X.Org XInput driver, version 24.1
[   116.403] (II) Using input driver 'libinput' for 'Power Button'
[   116.405] (II) systemd-logind: got fd for /dev/input/event0 13:64 fd 21 paused 0
[   116.405] (**) Power Button: always reports core events
[   116.406] (**) Option "Device" "/dev/input/event0"
[   116.406] (**) Option "_source" "server/udev"
[   116.410] (II) event0  - Power Button: is tagged by udev as: Keyboard
[   116.411] (II) event0  - Power Button: device is a keyboard
[   116.411] (II) event0  - Power Button: device removed
[   116.411] (**) Option "config_info" "udev:/sys/devices/LNXSYSTM:00/LNXPWRBN:00/input/input0/event0"
[   116.411] (II) XINPUT: Adding extended input device "Power Button" (type: KEYBOARD, id 6)
[   116.411] (**) Option "xkb_model" "pc105"
[   116.412] (**) Option "xkb_layout" "si"
[   116.444] (II) event0  - Power Button: is tagged by udev as: Keyboard
[   116.444] (II) event0  - Power Button: device is a keyboard
[   116.445] (II) config/udev: Adding input device Sleep Button (/dev/input/event1)
[   116.445] (**) Sleep Button: Applying InputClass "libinput keyboard catchall"
[   116.445] (II) Using input driver 'libinput' for 'Sleep Button'
[   116.448] (II) systemd-logind: got fd for /dev/input/event1 13:65 fd 24 paused 0
[   116.448] (**) Sleep Button: always reports core events
[   116.450] (**) Option "Device" "/dev/input/event1"
[   116.450] (**) Option "_source" "server/udev"
[   116.455] (II) event1  - Sleep Button: is tagged by udev as: Keyboard
[   116.455] (II) event1  - Sleep Button: device is a keyboard
[   116.455] (II) event1  - Sleep Button: device removed
[   116.455] (**) Option "config_info" "udev:/sys/devices/LNXSYSTM:00/LNXSLPBN:00/input/input1/event1"
[   116.455] (II) XINPUT: Adding extended input device "Sleep Button" (type: KEYBOARD, id 7)
[   116.455] (**) Option "xkb_model" "pc105"
[   116.455] (**) Option "xkb_layout" "si"
[   116.456] (II) event1  - Sleep Button: is tagged by udev as: Keyboard
[   116.456] (II) event1  - Sleep Button: device is a keyboard
[   116.458] (II) config/udev: Adding input device Video Bus (/dev/input/event3)
[   116.458] (**) Video Bus: Applying InputClass "libinput keyboard catchall"
[   116.458] (II) Using input driver 'libinput' for 'Video Bus'
[   116.459] (II) systemd-logind: got fd for /dev/input/event3 13:67 fd 25 paused 0
[   116.459] (**) Video Bus: always reports core events
[   116.459] (**) Option "Device" "/dev/input/event3"
[   116.459] (**) Option "_source" "server/udev"
[   116.461] (II) event3  - Video Bus: is tagged by udev as: Keyboard
[   116.461] (II) event3  - Video Bus: device is a keyboard
[   116.461] (II) event3  - Video Bus: device removed
[   116.461] (**) Option "config_info" "udev:/sys/devices/LNXSYSTM:00/LNXSYBUS:00/PNP0A03:00/LNXVIDEO:00/input/input4/event3"
[   116.461] (II) XINPUT: Adding extended input device "Video Bus" (type: KEYBOARD, id 8)
[   116.461] (**) Option "xkb_model" "pc105"
[   116.461] (**) Option "xkb_layout" "si"
[   116.463] (II) event3  - Video Bus: is tagged by udev as: Keyboard
[   116.463] (II) event3  - Video Bus: device is a keyboard
[   116.464] (II) config/udev: Adding input device VirtualBox mouse integration (/dev/input/event6)
[   116.464] (**) VirtualBox mouse integration: Applying InputClass "libinput pointer catchall"
[   116.464] (II) Using input driver 'libinput' for 'VirtualBox mouse integration'
[   116.466] (II) systemd-logind: got fd for /dev/input/event6 13:70 fd 26 paused 0
[   116.466] (**) VirtualBox mouse integration: always reports core events
[   116.466] (**) Option "Device" "/dev/input/event6"
[   116.466] (**) Option "_source" "server/udev"
[   116.467] (II) event6  - VirtualBox mouse integration: is tagged by udev as: Mouse
[   116.467] (II) event6  - VirtualBox mouse integration: device is a pointer
[   116.468] (II) event6  - VirtualBox mouse integration: device removed
[   116.468] (**) Option "config_info" "udev:/sys/devices/pci0000:00/0000:00:04.0/input/input7/event6"
[   116.468] (II) XINPUT: Adding extended input device "VirtualBox mouse integration" (type: MOUSE, id 9)
[   116.468] (**) Option "AccelerationScheme" "none"
[   116.468] (**) VirtualBox mouse integration: (accel) selected scheme none/0
[   116.468] (**) VirtualBox mouse integration: (accel) acceleration factor: 2.000
[   116.468] (**) VirtualBox mouse integration: (accel) acceleration threshold: 4
[   116.470] (II) event6  - VirtualBox mouse integration: is tagged by udev as: Mouse
[   116.470] (II) event6  - VirtualBox mouse integration: device is a pointer
[   116.471] (II) config/udev: Adding input device VirtualBox mouse integration (/dev/input/js1)
[   116.471] (II) No input driver specified, ignoring this device.
[   116.471] (II) This device may have been added with another device file.
[   116.472] (II) config/udev: Adding input device VirtualBox USB Tablet (/dev/input/event4)
[   116.472] (**) VirtualBox USB Tablet: Applying InputClass "libinput pointer catchall"
[   116.472] (II) Using input driver 'libinput' for 'VirtualBox USB Tablet'
[   116.474] (II) systemd-logind: got fd for /dev/input/event4 13:68 fd 27 paused 0
[   116.474] (**) VirtualBox USB Tablet: always reports core events
[   116.474] (**) Option "Device" "/dev/input/event4"
[   116.474] (**) Option "_source" "server/udev"
[   116.477] (II) event4  - VirtualBox USB Tablet: is tagged by udev as: Mouse
[   116.477] (II) event4  - VirtualBox USB Tablet: device is a pointer
[   116.477] (II) event4  - VirtualBox USB Tablet: device removed
[   116.477] (**) Option "config_info" "udev:/sys/devices/pci0000:00/0000:00:0c.0/usb1/1-1/1-1:1.0/0003:80EE:0021.0001/input/input6/event4"
[   116.477] (II) XINPUT: Adding extended input device "VirtualBox USB Tablet" (type: MOUSE, id 10)
[   116.477] (**) Option "AccelerationScheme" "none"
[   116.477] (**) VirtualBox USB Tablet: (accel) selected scheme none/0
[   116.477] (**) VirtualBox USB Tablet: (accel) acceleration factor: 2.000
[   116.477] (**) VirtualBox USB Tablet: (accel) acceleration threshold: 4
[   116.481] (II) event4  - VirtualBox USB Tablet: is tagged by udev as: Mouse
[   116.481] (II) event4  - VirtualBox USB Tablet: device is a pointer
[   116.482] (II) config/udev: Adding input device VirtualBox USB Tablet (/dev/input/js0)
[   116.482] (II) No input driver specified, ignoring this device.
[   116.482] (II) This device may have been added with another device file.
[   116.484] (II) config/udev: Adding input device VirtualBox USB Tablet (/dev/input/mouse0)
[   116.484] (II) No input driver specified, ignoring this device.
[   116.484] (II) This device may have been added with another device file.
[   116.486] (II) config/udev: Adding input device AT Translated Set 2 keyboard (/dev/input/event2)
[   116.486] (**) AT Translated Set 2 keyboard: Applying InputClass "libinput keyboard catchall"
[   116.486] (II) Using input driver 'libinput' for 'AT Translated Set 2 keyboard'
[   116.495] (II) systemd-logind: got fd for /dev/input/event2 13:66 fd 28 paused 0
[   116.495] (**) AT Translated Set 2 keyboard: always reports core events
[   116.495] (**) Option "Device" "/dev/input/event2"
[   116.495] (**) Option "_source" "server/udev"
[   116.496] (II) event2  - AT Translated Set 2 keyboard: is tagged by udev as: Keyboard
[   116.496] (II) event2  - AT Translated Set 2 keyboard: device is a keyboard
[   116.497] (II) event2  - AT Translated Set 2 keyboard: device removed
[   116.497] (**) Option "config_info" "udev:/sys/devices/platform/i8042/serio0/input/input2/event2"
[   116.497] (II) XINPUT: Adding extended input device "AT Translated Set 2 keyboard" (type: KEYBOARD, id 11)
[   116.497] (**) Option "xkb_model" "pc105"
[   116.497] (**) Option "xkb_layout" "si"
[   116.499] (II) event2  - AT Translated Set 2 keyboard: is tagged by udev as: Keyboard
[   116.499] (II) event2  - AT Translated Set 2 keyboard: device is a keyboard
[   116.500] (II) config/udev: Adding input device ImExPS/2 Generic Explorer Mouse (/dev/input/event5)
[   116.500] (**) ImExPS/2 Generic Explorer Mouse: Applying InputClass "libinput pointer catchall"
[   116.500] (II) Using input driver 'libinput' for 'ImExPS/2 Generic Explorer Mouse'
[   116.502] (II) systemd-logind: got fd for /dev/input/event5 13:69 fd 29 paused 0
[   116.502] (**) ImExPS/2 Generic Explorer Mouse: always reports core events
[   116.502] (**) Option "Device" "/dev/input/event5"
[   116.503] (**) Option "_source" "server/udev"
[   116.506] (II) event5  - ImExPS/2 Generic Explorer Mouse: is tagged by udev as: Mouse
[   116.506] (II) event5  - ImExPS/2 Generic Explorer Mouse: device is a pointer
[   116.506] (II) event5  - ImExPS/2 Generic Explorer Mouse: device removed
[   116.506] (**) Option "config_info" "udev:/sys/devices/platform/i8042/serio1/input/input5/event5"
[   116.507] (II) XINPUT: Adding extended input device "ImExPS/2 Generic Explorer Mouse" (type: MOUSE, id 12)
[   116.507] (**) Option "AccelerationScheme" "none"
[   116.507] (**) ImExPS/2 Generic Explorer Mouse: (accel) selected scheme none/0
[   116.508] (**) ImExPS/2 Generic Explorer Mouse: (accel) acceleration factor: 2.000
[   116.508] (**) ImExPS/2 Generic Explorer Mouse: (accel) acceleration threshold: 4
[   116.511] (II) event5  - ImExPS/2 Generic Explorer Mouse: is tagged by udev as: Mouse
[   116.511] (II) event5  - ImExPS/2 Generic Explorer Mouse: device is a pointer
[   116.512] (II) config/udev: Adding input device ImExPS/2 Generic Explorer Mouse (/dev/input/mouse1)
[   116.512] (II) No input driver specified, ignoring this device.
[   116.513] (II) This device may have been added with another device file.
[   181.081] (**) Option "fd" "21"
[   181.081] (II) event0  - Power Button: device removed
[   181.081] (**) Option "fd" "24"
[   181.081] (II) event1  - Sleep Button: device removed
[   181.081] (**) Option "fd" "25"
[   181.081] (II) event3  - Video Bus: device removed
[   181.081] (**) Option "fd" "26"
[   181.082] (II) event6  - VirtualBox mouse integration: device removed
[   181.082] (**) Option "fd" "27"
[   181.082] (II) event4  - VirtualBox USB Tablet: device removed
[   181.082] (**) Option "fd" "28"
[   181.082] (II) event2  - AT Translated Set 2 keyboard: device removed
[   181.082] (**) Option "fd" "29"
[   181.082] (II) event5  - ImExPS/2 Generic Explorer Mouse: device removed
[   181.097] (II) UnloadModule: "libinput"
[   181.097] (II) systemd-logind: releasing fd for 13:69
[   181.532] (II) UnloadModule: "libinput"
[   181.894] (II) systemd-logind: releasing fd for 13:66
[   181.908] (II) UnloadModule: "libinput"
[   181.908] (II) systemd-logind: releasing fd for 13:68
[   181.909] (II) UnloadModule: "libinput"
[   181.909] (II) systemd-logind: releasing fd for 13:70
[   181.927] (II) UnloadModule: "libinput"
[   181.927] (II) systemd-logind: releasing fd for 13:67
[   181.955] (II) UnloadModule: "libinput"
[   181.955] (II) systemd-logind: releasing fd for 13:65
[   181.987] (II) UnloadModule: "libinput"
[   181.987] (II) systemd-logind: releasing fd for 13:64
[   182.014] (WW) xf86CloseConsole: KDSETMODE failed: Input/output error
[   182.014] (WW) xf86CloseConsole: VT_GETMODE failed: Input/output error
[   182.014] (WW) xf86CloseConsole: VT_ACTIVATE failed: Input/output error
[   182.030] (II) Server terminated successfully (0). Closing log file.
